ocr-reader-complete/app/build/intermediates/manifest_merge_blame_file/debug/manifest-merger-blame-debug-report.txt
1<?xml version="1.0" encoding="utf-8"?>
2<manifest xmlns:android="http://schemas.android.com/apk/res/android"
3    package="com.google.android.gms.samples.vision.ocrreader"
4    android:installLocation="auto"
5    android:versionCode="1"
6    android:versionName="1.0" >
7
8    <uses-sdk
9        android:minSdkVersion="21"
9-->src/main/AndroidManifest.xml
10        android:targetSdkVersion="27" />
10-->src/main/AndroidManifest.xml
11
12    <uses-feature android:name="android.hardware.camera" />
12-->src/main/AndroidManifest.xml:6:5-60
12-->src/main/AndroidManifest.xml:6:19-57
13
14    <uses-permission android:name="android.permission.CAMERA" />
14-->src/main/AndroidManifest.xml:8:5-65
14-->src/main/AndroidManifest.xml:8:22-62
15
16    <application
16-->src/main/AndroidManifest.xml:10:5-32:19
17        android:allowBackup="true"
17-->src/main/AndroidManifest.xml:11:9-35
18        android:debuggable="true"
19        android:fullBackupContent="false"
19-->src/main/AndroidManifest.xml:12:9-42
20        android:hardwareAccelerated="true"
20-->src/main/AndroidManifest.xml:13:9-43
21        android:icon="@drawable/icon"
21-->src/main/AndroidManifest.xml:14:9-38
22        android:label="OcrReaderApp"
22-->src/main/AndroidManifest.xml:15:9-37
23        android:supportsRtl="true"
23-->src/main/AndroidManifest.xml:16:9-37
24        android:theme="@style/Theme.AppCompat" >
24-->src/main/AndroidManifest.xml:17:9-47
25        <meta-data
25-->src/main/AndroidManifest.xml:18:9-20:69
26            android:name="com.google.android.gms.version"
26-->src/main/AndroidManifest.xml:19:13-58
27            android:value="@integer/google_play_services_version" />
27-->src/main/AndroidManifest.xml:20:13-66
28        <meta-data
28-->src/main/AndroidManifest.xml:21:9-23:35
29            android:name="com.google.android.gms.vision.DEPENDENCIES"
29-->src/main/AndroidManifest.xml:22:13-70
30            android:value="ocr" />
30-->src/main/AndroidManifest.xml:23:13-32
31
32        <activity
32-->src/main/AndroidManifest.xml:25:9-31:20
33            android:name="com.google.android.gms.samples.vision.ocrreader.OcrCaptureActivity"
33-->src/main/AndroidManifest.xml:25:19-100
34            android:label="Read Text" >
34-->src/main/AndroidManifest.xml:26:13-38
35            <intent-filter>
35-->src/main/AndroidManifest.xml:27:13-30:29
36                <action android:name="android.intent.action.MAIN" />
36-->src/main/AndroidManifest.xml:28:17-69
36-->src/main/AndroidManifest.xml:28:25-66
37
38                <category android:name="android.intent.category.LAUNCHER" />
38-->src/main/AndroidManifest.xml:29:17-77
38-->src/main/AndroidManifest.xml:29:27-74
39            </intent-filter>
40        </activity>
41        <activity
41-->[com.google.android.gms:play-services-base:15.0.1] AndroidManifest.xml:23:9-26:75
42            android:name="com.google.android.gms.common.api.GoogleApiActivity"
42-->[com.google.android.gms:play-services-base:15.0.1] AndroidManifest.xml:24:13-79
43            android:exported="false"
43-->[com.google.android.gms:play-services-base:15.0.1] AndroidManifest.xml:25:13-37
44            android:theme="@android:style/Theme.Translucent.NoTitleBar" />
44-->[com.google.android.gms:play-services-base:15.0.1] AndroidManifest.xml:26:13-72
45    </application>
46
47</manifest>